2021-08-17 09:20:13,367 : INFO : Text successfully indexed!
2021-08-17 09:20:36,690 : INFO : Text successfully indexed!
2021-08-17 09:20:54,040 : INFO : 2 strings were found.
2021-08-17 09:21:03,870 : INFO : 1 strings were found.
2021-08-17 09:21:12,586 : INFO : 1 strings were found.
2021-08-17 09:21:23,640 : ERROR : Invalid JSON. It must be like {'search_for': 'some text'}
Traceback (most recent call last):
  File "/code/sis_api/api/endpoints.py", line 46, in post
    text = ns.payload["search_for"]
KeyError: 'search_for'
2021-08-17 09:21:36,722 : ERROR : Invalid JSON. It must be like {'search_for': 'some text'}
Traceback (most recent call last):
  File "/code/sis_api/api/endpoints.py", line 46, in post
    text = ns.payload["search_for"]
KeyError: 'search_for'
2021-08-17 09:21:51,573 : ERROR : Invalid JSON. It must be like {'save_this': 'some text'}
Traceback (most recent call last):
  File "/code/sis_api/api/endpoints.py", line 22, in post
    text = ns.payload["save_this"]
KeyError: 'save_this'
2021-08-17 09:23:32,672 : INFO : Text successfully indexed!
2021-08-17 09:23:38,274 : INFO : Text successfully indexed!
2021-08-17 09:23:56,579 : INFO : Text successfully indexed!
2021-08-17 09:23:57,743 : INFO : Text successfully indexed!
2021-08-17 09:23:58,412 : INFO : Text successfully indexed!
2021-08-17 09:23:58,889 : INFO : Text successfully indexed!
2021-08-17 09:24:11,507 : INFO : 0 strings were found.
2021-08-17 09:24:12,431 : INFO : 0 strings were found.
2021-08-17 09:24:12,945 : INFO : 0 strings were found.
2021-08-17 09:24:13,203 : INFO : 0 strings were found.
2021-08-17 09:24:13,398 : INFO : 0 strings were found.
2021-08-17 09:24:13,604 : INFO : 0 strings were found.
2021-08-17 09:24:13,779 : INFO : 0 strings were found.
2021-08-17 09:24:13,928 : INFO : 0 strings were found.
